
> @chatter/sdk-ts@0.1.0 prepare
> npm run build


> @chatter/sdk-ts@0.1.0 build
> tsc && tsc -p tsconfig.esm.json

src/apis/ChatApi.ts(283,66): error TS2304: Cannot find name 'chatter__schemas__chat__WorkflowTemplatesResponse'.
src/apis/ChatApi.ts(288,25): error TS2304: Cannot find name 'chatter__schemas__chat__WorkflowTemplatesResponse'.
src/apis/DefaultApi.ts(4,34): error TS6133: 'HTTPQuery' is declared but its value is never read.
src/apis/DefaultApi.ts(4,45): error TS6133: 'HTTPHeaders' is declared but its value is never read.
src/apis/EventsApi.ts(5,34): error TS6133: 'HTTPQuery' is declared but its value is never read.
src/apis/EventsApi.ts(5,45): error TS6133: 'HTTPHeaders' is declared but its value is never read.
src/apis/HealthApi.ts(5,34): error TS6133: 'HTTPQuery' is declared but its value is never read.
src/apis/HealthApi.ts(5,45): error TS6133: 'HTTPHeaders' is declared but its value is never read.
src/apis/WorkflowsApi.ts(5,34): error TS6133: 'HTTPQuery' is declared but its value is never read.
src/apis/WorkflowsApi.ts(5,45): error TS6133: 'HTTPHeaders' is declared but its value is never read.
src/apis/WorkflowsApi.ts(67,81): error TS2304: Cannot find name 'chatter__schemas__workflows__WorkflowTemplatesResponse'.
src/apis/WorkflowsApi.ts(72,25): error TS2304: Cannot find name 'chatter__schemas__workflows__WorkflowTemplatesResponse'.
src/models/ABTestActionResponse.ts(13,15): error TS2304: Cannot find name 'TestStatus'.
src/models/ABTestCreateRequest.ts(11,14): error TS2304: Cannot find name 'TestType'.
src/models/ABTestCreateRequest.ts(13,24): error TS2304: Cannot find name 'VariantAllocation'.
src/models/ABTestCreateRequest.ts(15,13): error TS2304: Cannot find name 'TestVariant'.
src/models/ABTestCreateRequest.ts(17,12): error TS2304: Cannot find name 'MetricType'.
src/models/ABTestListResponse.ts(7,10): error TS2552: Cannot find name 'ABTestResponse'. Did you mean 'ABTestListResponse'?
src/models/ABTestMetricsResponse.ts(9,12): error TS2552: Cannot find name 'TestMetric'. Did you mean 'TextMetrics'?
src/models/ABTestResponse.ts(13,14): error TS2304: Cannot find name 'TestType'.
src/models/ABTestResponse.ts(15,11): error TS2304: Cannot find name 'TestStatus'.
src/models/ABTestResponse.ts(17,24): error TS2304: Cannot find name 'VariantAllocation'.
src/models/ABTestResponse.ts(19,13): error TS2304: Cannot find name 'TestVariant'.
src/models/ABTestResponse.ts(21,12): error TS2304: Cannot find name 'MetricType'.
src/models/ABTestResultsResponse.ts(11,11): error TS2304: Cannot find name 'TestStatus'.
src/models/ABTestResultsResponse.ts(13,12): error TS2304: Cannot find name 'TestMetric'.
src/models/ABTestUpdateRequest.ts(11,12): error TS2304: Cannot find name 'TestStatus'.
src/models/AgentBulkCreateRequest.ts(7,11): error TS2304: Cannot find name 'AgentCreateRequest'.
src/models/AgentBulkCreateResponse.ts(7,12): error TS2304: Cannot find name 'AgentResponse'.
src/models/AgentCreateRequest.ts(11,15): error TS2304: Cannot find name 'AgentType'.
src/models/AgentCreateRequest.ts(21,18): error TS2304: Cannot find name 'AgentCapability'.
src/models/AgentHealthResponse.ts(9,11): error TS2304: Cannot find name 'AgentStatus'.
src/models/AgentListResponse.ts(7,11): error TS2304: Cannot find name 'AgentResponse'.
src/models/AgentResponse.ts(13,9): error TS2304: Cannot find name 'AgentType'.
src/models/AgentResponse.ts(15,11): error TS2304: Cannot find name 'AgentStatus'.
src/models/AgentResponse.ts(25,17): error TS2304: Cannot find name 'AgentCapability'.
src/models/AgentUpdateRequest.ts(13,12): error TS2304: Cannot find name 'AgentStatus'.
src/models/AgentUpdateRequest.ts(21,18): error TS2304: Cannot find name 'AgentCapability'.
src/models/AvailableToolsResponse.ts(7,10): error TS2304: Cannot find name 'AvailableToolResponse'.
src/models/BackupListResponse.ts(7,12): error TS2304: Cannot find name 'BackupResponse'.
src/models/BackupRequest.ts(7,17): error TS2304: Cannot find name 'BackupType'.
src/models/BackupResponse.ts(13,16): error TS2304: Cannot find name 'BackupType'.
src/models/Body_list_agents_api_v1_agents__get.ts(6,16): error TS2304: Cannot find name 'PaginationRequest'.
src/models/Body_list_agents_api_v1_agents__get.ts(7,13): error TS2304: Cannot find name 'SortingRequest'.
src/models/ChatResponse.ts(9,12): error TS2304: Cannot find name 'MessageResponse'.
src/models/ChatResponse.ts(11,17): error TS2304: Cannot find name 'ConversationResponse'.
src/models/ConversationResponse.ts(17,11): error TS2304: Cannot find name 'ConversationStatus'.
src/models/ConversationSearchResponse.ts(7,18): error TS2304: Cannot find name 'ConversationResponse'.
src/models/ConversationUpdate.ts(11,12): error TS2304: Cannot find name 'ConversationStatus'.
src/models/ConversationWithMessages.ts(17,11): error TS2304: Cannot find name 'ConversationStatus'.
src/models/ConversationWithMessages.ts(59,14): error TS2304: Cannot find name 'MessageResponse'.
src/models/DashboardResponse.ts(7,23): error TS2304: Cannot find name 'ConversationStatsResponse'.
src/models/DashboardResponse.ts(9,18): error TS2304: Cannot find name 'UsageMetricsResponse'.
src/models/DashboardResponse.ts(11,24): error TS2304: Cannot find name 'PerformanceMetricsResponse'.
src/models/DashboardResponse.ts(13,23): error TS2304: Cannot find name 'DocumentAnalyticsResponse'.
src/models/DashboardResponse.ts(15,18): error TS2304: Cannot find name 'SystemAnalyticsResponse'.
src/models/DefaultProvider.ts(6,15): error TS2304: Cannot find name 'ModelType'.
src/models/DocumentChunksResponse.ts(7,11): error TS2304: Cannot find name 'DocumentChunkResponse'.
src/models/DocumentListResponse.ts(7,14): error TS2304: Cannot find name 'DocumentResponse'.
src/models/DocumentProcessingResponse.ts(9,11): error TS2304: Cannot find name 'DocumentStatus'.
src/models/DocumentResponse.ts(33,11): error TS2304: Cannot find name 'DocumentStatus'.
src/models/DocumentSearchResponse.ts(7,12): error TS2304: Cannot find name 'DocumentSearchResult'.
src/models/DocumentSearchResult.ts(17,13): error TS2304: Cannot find name 'DocumentResponse'.
src/models/EmbeddingSpaceCreate.ts(17,24): error TS2304: Cannot find name 'ReductionStrategy'.
src/models/EmbeddingSpaceCreate.ts(25,21): error TS2304: Cannot find name 'DistanceMetric'.
src/models/EmbeddingSpaceList.ts(6,11): error TS2304: Cannot find name 'EmbeddingSpaceWithModel'.
src/models/EmbeddingSpaceUpdate.ts(8,24): error TS2304: Cannot find name 'ReductionStrategy'.
src/models/EmbeddingSpaceUpdate.ts(12,21): error TS2304: Cannot find name 'DistanceMetric'.
src/models/EmbeddingSpaceWithModel.ts(17,24): error TS2304: Cannot find name 'ReductionStrategy'.
src/models/EmbeddingSpaceWithModel.ts(25,21): error TS2304: Cannot find name 'DistanceMetric'.
src/models/EmbeddingSpaceWithModel.ts(40,10): error TS2304: Cannot find name 'ModelDefWithProvider'.
src/models/ExportDataRequest.ts(7,10): error TS2304: Cannot find name 'ExportScope'.
src/models/ExportDataRequest.ts(9,12): error TS2304: Cannot find name 'DataFormat'.
src/models/HTTPValidationError.ts(6,12): error TS2304: Cannot find name 'ValidationError'.
src/models/HealthCheckResponse.ts(7,11): error TS2304: Cannot find name 'HealthStatus'.
src/models/JobCreateRequest.ts(15,14): error TS2304: Cannot find name 'JobPriority'.
src/models/JobListResponse.ts(7,9): error TS2304: Cannot find name 'JobResponse'.
src/models/JobResponse.ts(13,13): error TS2304: Cannot find name 'JobPriority'.
src/models/JobResponse.ts(15,11): error TS2304: Cannot find name 'JobStatus'.
src/models/MessageResponse.ts(7,9): error TS2304: Cannot find name 'MessageRole'.
src/models/ModelDefCreate.ts(9,15): error TS2304: Cannot find name 'ModelType'.
src/models/ModelDefList.ts(6,11): error TS2304: Cannot find name 'ModelDefWithProvider'.
src/models/ModelDefWithProvider.ts(9,15): error TS2304: Cannot find name 'ModelType'.
src/models/ModelDefWithProvider.ts(38,13): error TS2304: Cannot find name 'Provider'.
src/models/NodeTypeResponse.ts(15,15): error TS2304: Cannot find name 'NodePropertyDefinition'.
src/models/PluginListResponse.ts(7,12): error TS2304: Cannot find name 'PluginResponse'.
src/models/PluginResponse.ts(17,16): error TS2304: Cannot find name 'PluginType'.
src/models/PluginResponse.ts(19,11): error TS2304: Cannot find name 'PluginStatus'.
src/models/ProfileCloneRequest.ts(11,19): error TS2304: Cannot find name 'ProfileUpdate'.
src/models/ProfileCreate.ts(11,18): error TS2304: Cannot find name 'ProfileType'.
src/models/ProfileListResponse.ts(7,13): error TS2304: Cannot find name 'ProfileResponse'.
src/models/ProfileResponse.ts(11,18): error TS2304: Cannot find name 'ProfileType'.
src/models/ProfileStatsResponse.ts(13,23): error TS2304: Cannot find name 'ProfileResponse'.
src/models/ProfileStatsResponse.ts(15,20): error TS2304: Cannot find name 'ProfileResponse'.
src/models/ProfileUpdate.ts(11,18): error TS2304: Cannot find name 'ProfileType'.
src/models/PromptCreate.ts(11,17): error TS2304: Cannot find name 'PromptType'.
src/models/PromptCreate.ts(13,14): error TS2304: Cannot find name 'PromptCategory'.
src/models/PromptListResponse.ts(7,12): error TS2304: Cannot find name 'PromptResponse'.
src/models/PromptResponse.ts(15,16): error TS2304: Cannot find name 'PromptType'.
src/models/PromptResponse.ts(17,13): error TS2304: Cannot find name 'PromptCategory'.
src/models/PromptStatsResponse.ts(13,22): error TS2304: Cannot find name 'PromptResponse'.
src/models/PromptStatsResponse.ts(15,19): error TS2304: Cannot find name 'PromptResponse'.
src/models/PromptUpdate.ts(11,17): error TS2304: Cannot find name 'PromptType'.
src/models/PromptUpdate.ts(13,14): error TS2304: Cannot find name 'PromptCategory'.
src/models/Provider.ts(9,18): error TS2304: Cannot find name 'ProviderType'.
src/models/ProviderCreate.ts(9,18): error TS2304: Cannot find name 'ProviderType'.
src/models/ProviderList.ts(6,14): error TS2304: Cannot find name 'Provider'.
src/models/ReadinessCheckResponse.ts(7,11): error TS2304: Cannot find name 'ReadinessStatus'.
src/models/RoleToolAccessCreate.ts(7,9): error TS2304: Cannot find name 'UserRole'.
src/models/RoleToolAccessCreate.ts(13,17): error TS2304: Cannot find name 'ToolAccessLevel'.
src/models/RoleToolAccessResponse.ts(7,9): error TS2304: Cannot find name 'UserRole'.
src/models/RoleToolAccessResponse.ts(13,17): error TS2304: Cannot find name 'ToolAccessLevel'.
src/models/ServerToolResponse.ts(21,11): error TS2304: Cannot find name 'ToolStatus'.
src/models/ServerToolsResponse.ts(7,10): error TS2304: Cannot find name 'ServerToolResponse'.
src/models/TestMetric.ts(7,16): error TS2304: Cannot find name 'MetricType'.
src/models/TokenResponse.ts(15,9): error TS2304: Cannot find name 'UserResponse'.
src/models/ToolAccessResult.ts(9,17): error TS2304: Cannot find name 'ToolAccessLevel'.
src/models/ToolPermissionCreate.ts(13,17): error TS2304: Cannot find name 'ToolAccessLevel'.
src/models/ToolPermissionResponse.ts(13,17): error TS2304: Cannot find name 'ToolAccessLevel'.
src/models/ToolPermissionUpdate.ts(6,18): error TS2304: Cannot find name 'ToolAccessLevel'.
src/models/ToolServerCreate.ts(17,18): error TS2304: Cannot find name 'OAuthConfigSchema'.
src/models/ToolServerHealthCheck.ts(11,11): error TS2304: Cannot find name 'ServerStatus'.
src/models/ToolServerMetrics.ts(11,11): error TS2304: Cannot find name 'ServerStatus'.
src/models/ToolServerResponse.ts(17,18): error TS2304: Cannot find name 'OAuthConfigSchema'.
src/models/ToolServerResponse.ts(31,11): error TS2304: Cannot find name 'ServerStatus'.
src/models/ToolServerResponse.ts(49,11): error TS2304: Cannot find name 'ServerToolResponse'.
src/models/ToolServerUpdate.ts(10,18): error TS2304: Cannot find name 'OAuthConfigSchema'.
src/models/WorkflowAnalyticsResponse.ts(7,15): error TS2304: Cannot find name 'ComplexityMetrics'.
src/models/WorkflowAnalyticsResponse.ts(9,16): error TS2304: Cannot find name 'BottleneckInfo'.
src/models/WorkflowAnalyticsResponse.ts(11,29): error TS2304: Cannot find name 'OptimizationSuggestion'.
src/models/WorkflowDefinitionCreate.ts(11,10): error TS2304: Cannot find name 'WorkflowNode'.
src/models/WorkflowDefinitionCreate.ts(13,10): error TS2304: Cannot find name 'WorkflowEdge'.
src/models/WorkflowDefinitionResponse.ts(11,10): error TS2304: Cannot find name 'WorkflowNode'.
src/models/WorkflowDefinitionResponse.ts(13,10): error TS2304: Cannot find name 'WorkflowEdge'.
src/models/WorkflowDefinitionUpdate.ts(11,11): error TS2304: Cannot find name 'WorkflowNode'.
src/models/WorkflowDefinitionUpdate.ts(13,11): error TS2304: Cannot find name 'WorkflowEdge'.
src/models/WorkflowDefinitionsResponse.ts(7,16): error TS2304: Cannot find name 'WorkflowDefinitionResponse'.
src/models/WorkflowEdge.ts(19,10): error TS2304: Cannot find name 'WorkflowEdgeData'.
src/models/WorkflowNode.ts(13,9): error TS2304: Cannot find name 'WorkflowNodeData'.
src/models/WorkflowValidationResponse.ts(9,11): error TS2304: Cannot find name 'ValidationError'.
src/models/WorkflowValidationResponse.ts(11,13): error TS2304: Cannot find name 'ValidationError'.
src/models/chatter__schemas__chat__WorkflowTemplatesResponse.ts(7,29): error TS2304: Cannot find name 'WorkflowTemplateInfo'.
src/models/chatter__schemas__workflows__WorkflowTemplatesResponse.ts(7,14): error TS2304: Cannot find name 'WorkflowTemplateResponse'.
